[I 2026-05-14 14:43:49,309] Trial 22 finished with value: 0.6111111111111112 and parameters: {'n_estimators': 292, 'max_depth': 5, 'learning_rate': 0.1826355732691009, 'scale_pos_weight': 569.7753052332984}. Best is trial 10 with value: 0.6197183098591549.
[I 2026-05-14 14:43:53,317] Trial 23 finished with value: 0.6153846153846154 and parameters: {'n_estimators': 348, 'max_depth': 6, 'learning_rate': 0.1439998038375691, 'scale_pos_weight': 508.1423095636089}. Best is trial 10 with value: 0.6197183098591549.
[I 2026-05-14 14:43:59,043] Trial 24 finished with value: 0.6068965517241379 and parameters: {'n_estimators': 243, 'max_depth': 5, 'learning_rate': 0.17407236732443426, 'scale_pos_weight': 427.94554693265474}. Best is trial 10 with value: 0.6197183098591549.
[I 2026-05-14 14:44:01,764] Trial 25 finished with value: 0.6111111111111112 and parameters: {'n_estimators': 204, 'max_depth': 6, 'learning_rate': 0.18826730116354645, 'scale_pos_weight': 466.0300553203704}. Best is trial 10 with value: 0.6197183098591549.
[I 2026-05-14 14:44:03,673] Trial 26 finished with value: 0.6081081081081081 and parameters: {'n_estimators': 385, 'max_depth': 4, 'learning_rate': 0.16376672752300753, 'scale_pos_weight': 415.26523525057456}. Best is trial 10 with value: 0.6197183098591549.
[I 2026-05-14 14:44:04,723] Trial 27 finished with value: 0.624113475177305 and parameters: {'n_estimators': 346, 'max_depth': 6, 'learning_rate': 0.19960964825228467, 'scale_pos_weight': 478.1596054468459}. Best is trial 27 with value: 0.624113475177305.
[I 2026-05-14 14:44:09,331] Trial 28 finished with value: 0.624113475177305 and parameters: {'n_estimators': 347, 'max_depth': 7, 'learning_rate': 0.1978607394862387, 'scale_pos_weight': 483.0136490460164}. Best is trial 27 with value: 0.624113475177305.
[I 2026-05-14 14:44:13,116] Trial 29 finished with value: 0.6285714285714286 and parameters: {'n_estimators': 345, 'max_depth': 7, 'learning_rate': 0.1992613904025394, 'scale_pos_weight': 483.7043863136362}. Best is trial 29 with value: 0.6285714285714286.
[I 2026-05-14 14:44:18,778] A new study created in memory with name: no-name-7a26bb56-ad3a-4953-a9f3-4e8347b8b9c2
[I 2026-05-14 14:44:21,816] Trial 0 finished with value: 0.8543689320388349 and parameters: {'n_estimators': 370, 'max_depth': 5, 'learning_rate': 0.1600004611018731, 'scale_pos_weight': 565.2953925582444}. Best is trial 0 with value: 0.8543689320388349.
[I 2026-05-14 14:44:24,565] Trial 1 finished with value: 0.819047619047619 and parameters: {'n_estimators': 236, 'max_depth': 6, 'learning_rate': 0.0890694859062465, 'scale_pos_weight': 505.00687087050335}. Best is trial 0 with value: 0.8543689320388349.
[I 2026-05-14 14:44:34,688] Trial 2 finished with value: 0.8380952380952381 and parameters: {'n_estimators': 248, 'max_depth': 7, 'learning_rate': 0.1673801210080407, 'scale_pos_weight': 499.97078284250017}. Best is trial 0 with value: 0.8543689320388349.
[I 2026-05-14 14:44:40,301] Trial 3 finished with value: 0.5476190476190477 and parameters: {'n_estimators': 131, 'max_depth': 3, 'learning_rate': 0.16474975622552876, 'scale_pos_weight': 542.9674812500937}. Best is trial 0 with value: 0.8543689320388349.
[I 2026-05-14 14:44:45,798] Trial 4 finished with value: 0.8269230769230769 and parameters: {'n_estimators': 393, 'max_depth': 6, 'learning_rate': 0.0697661004601165, 'scale_pos_weight': 535.0998775487043}. Best is trial 0 with value: 0.8543689320388349.
[I 2026-05-14 14:44:48,832] Trial 5 finished with value: 0.782608695652174 and parameters: {'n_estimators': 151, 'max_depth': 5, 'learning_rate': 0.09034489316448913, 'scale_pos_weight': 617.0955337739229}. Best is trial 0 with value: 0.8543689320388349.
[I 2026-05-14 14:44:53,996] Trial 6 finished with value: 0.822429906542056 and parameters: {'n_estimators': 172, 'max_depth': 4, 'learning_rate': 0.1489875910271286, 'scale_pos_weight': 484.07849713202654}. Best is trial 0 with value: 0.8543689320388349.
[I 2026-05-14 14:45:00,035] Trial 7 finished with value: 0.8380952380952381 and parameters: {'n_estimators': 207, 'max_depth': 6, 'learning_rate': 0.1683093267319551, 'scale_pos_weight': 451.0231532618981}. Best is trial 0 with value: 0.8543689320388349.
[I 2026-05-14 14:45:02,426] Trial 8 finished with value: 0.5644171779141104 and parameters: {'n_estimators': 188, 'max_depth': 3, 'learning_rate': 0.12697121441268416, 'scale_pos_weight': 520.3256802746043}. Best is trial 0 with value: 0.8543689320388349.
[I 2026-05-14 14:45:13,255] Trial 9 finished with value: 0.7692307692307693 and parameters: {'n_estimators': 245, 'max_depth': 3, 'learning_rate': 0.16235292693221848, 'scale_pos_weight': 495.04075272688385}. Best is trial 0 with value: 0.8543689320388349.
[I 2026-05-14 14:45:14,735] Trial 10 finished with value: 0.8627450980392157 and parameters: {'n_estimators': 354, 'max_depth': 5, 'learning_rate': 0.1971731060709213, 'scale_pos_weight': 590.3179664398473}. Best is trial 10 with value: 0.8627450980392157.
[I 2026-05-14 14:45:21,993] Trial 11 finished with value: 0.8627450980392157 and parameters: {'n_estimators': 361, 'max_depth': 5, 'learning_rate': 0.19651021740817415, 'scale_pos_weight': 591.3804165759925}. Best is trial 10 with value: 0.8627450980392157.
[I 2026-05-14 14:45:27,589] Trial 12 finished with value: 0.8543689320388349 and parameters: {'n_estimators': 322, 'max_depth': 5, 'learning_rate': 0.1978632961433133, 'scale_pos_weight': 604.671272527539}. Best is trial 10 with value: 0.8627450980392157.
[I 2026-05-14 14:45:29,954] Trial 13 finished with value: 0.8627450980392157 and parameters: {'n_estimators': 315, 'max_depth': 4, 'learning_rate': 0.18269323112899732, 'scale_pos_weight': 582.1103568613077}. Best is trial 10 with value: 0.8627450980392157.
[I 2026-05-14 14:45:32,521] Trial 14 finished with value: 0.8627450980392157 and parameters: {'n_estimators': 325, 'max_depth': 4, 'learning_rate': 0.19036591763988614, 'scale_pos_weight': 578.6785146751829}. Best is trial 10 with value: 0.8627450980392157.
[I 2026-05-14 14:45:34,870] Trial 15 finished with value: 0.8461538461538461 and parameters: {'n_estimators': 355, 'max_depth': 7, 'learning_rate': 0.13329175363612936, 'scale_pos_weight': 595.2301265729942}. Best is trial 10 with value: 0.8627450980392157.
[I 2026-05-14 14:45:40,134] Trial 16 finished with value: 0.8543689320388349 and parameters: {'n_estimators': 282, 'max_depth': 6, 'learning_rate': 0.19970276154599678, 'scale_pos_weight': 552.9207782867533}. Best is trial 10 with value: 0.8627450980392157.
[I 2026-05-14 14:45:43,621] Trial 17 finished with value: 0.8543689320388349 and parameters: {'n_estimators': 290, 'max_depth': 4, 'learning_rate': 0.10421043649143434, 'scale_pos_weight': 621.2444310709063}. Best is trial 10 with value: 0.8627450980392157.
[I 2026-05-14 14:45:46,891] Trial 18 finished with value: 0.8712871287128713 and parameters: {'n_estimators': 400, 'max_depth': 5, 'learning_rate': 0.1809216688091539, 'scale_pos_weight': 464.9119438224863}. Best is trial 18 with value: 0.8712871287128713.
[I 2026-05-14 14:45:54,565] Trial 19 finished with value: 0.8627450980392157 and parameters: {'n_estimators': 383, 'max_depth': 5, 'learning_rate': 0.14186634233624412, 'scale_pos_weight': 420.78567190708634}. Best is trial 18 with value: 0.8712871287128713.
[I 2026-05-14 14:45:57,836] Trial 20 finished with value: 0.8349514563106796 and parameters: {'n_estimators': 345, 'max_depth': 6, 'learning_rate': 0.18465199149573996, 'scale_pos_weight': 469.6178518793862}. Best is trial 18 with value: 0.8712871287128713.
[I 2026-05-14 14:46:06,907] Trial 21 finished with value: 0.8349514563106796 and parameters: {'n_estimators': 397, 'max_depth': 5, 'learning_rate': 0.1808116498578431, 'scale_pos_weight': 441.50843919027926}. Best is trial 18 with value: 0.8712871287128713.
[I 2026-05-14 14:46:15,613] Trial 22 finished with value: 0.8627450980392157 and parameters: {'n_estimators': 356, 'max_depth': 4, 'learning_rate': 0.17777098130466856, 'scale_pos_weight': 567.9156115797421}. Best is trial 18 with value: 0.8712871287128713.
[I 2026-05-14 14:46:28,770] Trial 23 finished with value: 0.8543689320388349 and parameters: {'n_estimators': 288, 'max_depth': 5, 'learning_rate': 0.19709977579390997, 'scale_pos_weight': 523.2581019931421}. Best is trial 18 with value: 0.8712871287128713.
[I 2026-05-14 14:46:36,644] Trial 24 finished with value: 0.8627450980392157 and parameters: {'n_estimators': 339, 'max_depth': 5, 'learning_rate': 0.11307600038901876, 'scale_pos_weight': 600.0228992041859}. Best is trial 18 with value: 0.8712871287128713.
[I 2026-05-14 14:46:50,628] Trial 25 finished with value: 0.8543689320388349 and parameters: {'n_estimators': 372, 'max_depth': 5, 'learning_rate': 0.15369921660523964, 'scale_pos_weight': 469.7982670850709}. Best is trial 18 with value: 0.8712871287128713.
[I 2026-05-14 14:46:57,470] Trial 26 finished with value: 0.8653846153846154 and parameters: {'n_estimators': 400, 'max_depth': 6, 'learning_rate': 0.1743963216640593, 'scale_pos_weight': 422.08740435766055}. Best is trial 18 with value: 0.8712871287128713.
[I 2026-05-14 14:47:05,103] Trial 27 finished with value: 0.8301886792452831 and parameters: {'n_estimators': 396, 'max_depth': 7, 'learning_rate': 0.17649849779724971, 'scale_pos_weight': 425.6148803437662}. Best is trial 18 with value: 0.8712871287128713.
[I 2026-05-14 14:47:07,981] Trial 28 finished with value: 0.8269230769230769 and parameters: {'n_estimators': 308, 'max_depth': 6, 'learning_rate': 0.17533706604258925, 'scale_pos_weight': 445.33124580366035}. Best is trial 18 with value: 0.8712871287128713.
[I 2026-05-14 14:47:11,336] Trial 29 finished with value: 0.8349514563106796 and parameters: {'n_estimators': 378, 'max_depth': 6, 'learning_rate': 0.15311145922705513, 'scale_pos_weight': 458.8865916762524}. Best is trial 18 with value: 0.8712871287128713.
[I 2026-05-14 14:56:36,449] A new study created in memory with name: no-name-26641fa6-9533-479d-9220-39e0ec0c9d7f
[I 2026-05-14 14:56:38,339] Trial 0 finished with value: 0.7818181818181819 and parameters: {'n_estimators': 345, 'max_depth': 4, 'learning_rate': 0.1874438208322045, 'scale_pos_weight': 523.7045728423457}. Best is trial 0 with value: 0.7818181818181819.
[I 2026-05-14 14:56:38,500] Trial 1 finished with value: 0.7304347826086957 and parameters: {'n_estimators': 106, 'max_depth': 6, 'learning_rate': 0.10848561307888376, 'scale_pos_weight': 602.6299037208404}. Best is trial 0 with value: 0.7818181818181819.
[I 2026-05-14 14:56:38,838] Trial 2 finished with value: 0.7747747747747747 and parameters: {'n_estimators': 272, 'max_depth': 4, 'learning_rate': 0.09881029050222451, 'scale_pos_weight': 576.9104338956381}. Best is trial 0 with value: 0.7818181818181819.
[I 2026-05-14 14:56:39,319] Trial 3 finished with value: 0.7543859649122807 and parameters: {'n_estimators': 343, 'max_depth': 6, 'learning_rate': 0.06291977557350376, 'scale_pos_weight': 550.8539620404993}. Best is trial 0 with value: 0.7818181818181819.
[I 2026-05-14 14:56:41,309] Trial 4 finished with value: 0.7433628318584071 and parameters: {'n_estimators': 180, 'max_depth': 7, 'learning_rate': 0.14905494974239225, 'scale_pos_weight': 491.921279249587}. Best is trial 0 with value: 0.7818181818181819.
[I 2026-05-14 14:56:42,893] Trial 5 finished with value: 0.75 and parameters: {'n_estimators': 195, 'max_depth': 7, 'learning_rate': 0.1688049758605999, 'scale_pos_weight': 423.88515242609805}. Best is trial 0 with value: 0.7818181818181819.
[I 2026-05-14 14:56:47,130] Trial 6 finished with value: 0.7818181818181819 and parameters: {'n_estimators': 305, 'max_depth': 4, 'learning_rate': 0.08436393083091659, 'scale_pos_weight': 461.83498319963115}. Best is trial 0 with value: 0.7818181818181819.
[I 2026-05-14 14:56:52,083] Trial 7 finished with value: 0.7433628318584071 and parameters: {'n_estimators': 132, 'max_depth': 7, 'learning_rate': 0.11675483034845917, 'scale_pos_weight': 583.9065332378699}. Best is trial 0 with value: 0.7818181818181819.
[I 2026-05-14 14:56:58,817] Trial 8 finished with value: 0.7678571428571429 and parameters: {'n_estimators': 151, 'max_depth': 5, 'learning_rate': 0.17023471305650695, 'scale_pos_weight': 463.49349986950534}. Best is trial 0 with value: 0.7818181818181819.
[I 2026-05-14 14:57:03,576] Trial 9 finished with value: 0.7433628318584071 and parameters: {'n_estimators': 154, 'max_depth': 7, 'learning_rate': 0.11767195807779787, 'scale_pos_weight': 601.3509466051842}. Best is trial 0 with value: 0.7818181818181819.
[I 2026-05-14 14:57:08,102] Trial 10 finished with value: 0.7678571428571429 and parameters: {'n_estimators': 393, 'max_depth': 3, 'learning_rate': 0.19647192412586167, 'scale_pos_weight': 531.1834541016383}. Best is trial 0 with value: 0.7818181818181819.
[I 2026-05-14 14:57:08,501] Trial 11 finished with value: 0.7747747747747747 and parameters: {'n_estimators': 294, 'max_depth': 4, 'learning_rate': 0.06409325130436451, 'scale_pos_weight': 489.93638572749865}. Best is trial 0 with value: 0.7818181818181819.
[I 2026-05-14 14:57:16,279] Trial 12 finished with value: 0.7719298245614035 and parameters: {'n_estimators': 321, 'max_depth': 3, 'learning_rate': 0.08509167981396569, 'scale_pos_weight': 432.6325399747262}. Best is trial 0 with value: 0.7818181818181819.
[I 2026-05-14 14:57:21,332] Trial 13 finished with value: 0.7889908256880734 and parameters: {'n_estimators': 375, 'max_depth': 4, 'learning_rate': 0.1438376569101003, 'scale_pos_weight': 503.021874959991}. Best is trial 13 with value: 0.7889908256880734.
[I 2026-05-14 14:57:24,465] Trial 14 finished with value: 0.75 and parameters: {'n_estimators': 400, 'max_depth': 5, 'learning_rate': 0.14264074043943253, 'scale_pos_weight': 514.2220968670179}. Best is trial 13 with value: 0.7889908256880734.
[I 2026-05-14 14:57:28,548] Trial 15 finished with value: 0.7678571428571429 and parameters: {'n_estimators': 356, 'max_depth': 4, 'learning_rate': 0.19929593218531708, 'scale_pos_weight': 545.6035612231528}. Best is trial 13 with value: 0.7889908256880734.
[I 2026-05-14 14:57:36,639] Trial 16 finished with value: 0.7413793103448276 and parameters: {'n_estimators': 231, 'max_depth': 5, 'learning_rate': 0.17615486241139833, 'scale_pos_weight': 509.7630481129748}. Best is trial 13 with value: 0.7889908256880734.
[I 2026-05-14 14:57:41,109] Trial 17 finished with value: 0.7747747747747747 and parameters: {'n_estimators': 360, 'max_depth': 3, 'learning_rate': 0.14197270216030441, 'scale_pos_weight': 466.8616067472205}. Best is trial 13 with value: 0.7889908256880734.
[I 2026-05-14 14:57:43,591] Trial 18 finished with value: 0.7747747747747747 and parameters: {'n_estimators': 374, 'max_depth': 4, 'learning_rate': 0.1562093707389635, 'scale_pos_weight': 546.8025207335496}. Best is trial 13 with value: 0.7889908256880734.
[I 2026-05-14 14:57:47,496] Trial 19 finished with value: 0.7678571428571429 and parameters: {'n_estimators': 257, 'max_depth': 5, 'learning_rate': 0.1840004204385997, 'scale_pos_weight': 490.1654864891131}. Best is trial 13 with value: 0.7889908256880734.
[I 2026-05-14 14:57:50,503] Trial 20 finished with value: 0.7368421052631579 and parameters: {'n_estimators': 332, 'max_depth': 6, 'learning_rate': 0.1305491190734186, 'scale_pos_weight': 564.1205463754917}. Best is trial 13 with value: 0.7889908256880734.
[I 2026-05-14 14:57:52,953] Trial 21 finished with value: 0.7818181818181819 and parameters: {'n_estimators': 304, 'max_depth': 4, 'learning_rate': 0.07978000937904406, 'scale_pos_weight': 462.9552972597182}. Best is trial 13 with value: 0.7889908256880734.
[I 2026-05-14 14:57:57,384] Trial 22 finished with value: 0.7747747747747747 and parameters: {'n_estimators': 294, 'max_depth': 4, 'learning_rate': 0.09304807101547392, 'scale_pos_weight': 453.51016208850956}. Best is trial 13 with value: 0.7889908256880734.
[I 2026-05-14 14:58:02,011] Trial 23 finished with value: 0.7678571428571429 and parameters: {'n_estimators': 322, 'max_depth': 3, 'learning_rate': 0.13132388612796725, 'scale_pos_weight': 501.1733685091879}. Best is trial 13 with value: 0.7889908256880734.
[I 2026-05-14 14:58:05,566] Trial 24 finished with value: 0.7818181818181819 and parameters: {'n_estimators': 380, 'max_depth': 4, 'learning_rate': 0.05117370245404858, 'scale_pos_weight': 530.051456877623}. Best is trial 13 with value: 0.7889908256880734.
[I 2026-05-14 14:58:09,734] Trial 25 finished with value: 0.7652173913043478 and parameters: {'n_estimators': 236, 'max_depth': 3, 'learning_rate': 0.16104573905217445, 'scale_pos_weight': 444.4140165061046}. Best is trial 13 with value: 0.7889908256880734.
[I 2026-05-14 14:58:13,323] Trial 26 finished with value: 0.7747747747747747 and parameters: {'n_estimators': 353, 'max_depth': 4, 'learning_rate': 0.18416055771144965, 'scale_pos_weight': 475.9533807648092}. Best is trial 13 with value: 0.7889908256880734.
[I 2026-05-14 14:58:15,700] Trial 27 finished with value: 0.7433628318584071 and parameters: {'n_estimators': 279, 'max_depth': 5, 'learning_rate': 0.10357293570611285, 'scale_pos_weight': 480.51907584411873}. Best is trial 13 with value: 0.7889908256880734.
[I 2026-05-14 14:58:23,590] Trial 28 finished with value: 0.7719298245614035 and parameters: {'n_estimators': 313, 'max_depth': 5, 'learning_rate': 0.07448558131576588, 'scale_pos_weight': 532.0896603655599}. Best is trial 13 with value: 0.7889908256880734.
[I 2026-05-14 14:58:27,530] Trial 29 finished with value: 0.7433628318584071 and parameters: {'n_estimators': 335, 'max_depth': 6, 'learning_rate': 0.11004347124688688, 'scale_pos_weight': 444.71855459687873}. Best is trial 13 with value: 0.7889908256880734.
[I 2026-05-14 15:08:44,982] A new study created in memory with name: no-name-6bf689a4-a241-4f69-844e-026d616ed639
[I 2026-05-14 15:08:45,801] Trial 0 finished with value: 0.3904382470119522 and parameters: {'n_estimators': 387, 'max_depth': 6, 'learning_rate': 0.18085117904888548, 'scale_pos_weight': 456.0686770416536}. Best is trial 0 with value: 0.3904382470119522.
[I 2026-05-14 15:08:45,978] Trial 1 finished with value: 0.3904382470119522 and parameters: {'n_estimators': 211, 'max_depth': 7, 'learning_rate': 0.18596873622886156, 'scale_pos_weight': 507.6643678412987}. Best is trial 0 with value: 0.3904382470119522.
[I 2026-05-14 15:08:46,209] Trial 2 finished with value: 0.3952569169960474 and parameters: {'n_estimators': 312, 'max_depth': 4, 'learning_rate': 0.14227168331154544, 'scale_pos_weight': 607.491673519305}. Best is trial 2 with value: 0.3952569169960474.
[I 2026-05-14 15:08:46,466] Trial 3 finished with value: 0.3904382470119522 and parameters: {'n_estimators': 380, 'max_depth': 6, 'learning_rate': 0.16321064329211965, 'scale_pos_weight': 519.615017119956}. Best is trial 2 with value: 0.3952569169960474.
[I 2026-05-14 15:08:46,579] Trial 4 finished with value: 0.39215686274509803 and parameters: {'n_estimators': 179, 'max_depth': 4, 'learning_rate': 0.12942784971087085, 'scale_pos_weight': 583.4442015216583}. Best is trial 2 with value: 0.3952569169960474.
[I 2026-05-14 15:08:46,748] Trial 5 finished with value: 0.3952569169960474 and parameters: {'n_estimators': 279, 'max_depth': 4, 'learning_rate': 0.15393655893722696, 'scale_pos_weight': 464.7365928978197}. Best is trial 2 with value: 0.3952569169960474.
[I 2026-05-14 15:08:50,431] Trial 6 finished with value: 0.35842293906810035 and parameters: {'n_estimators': 189, 'max_depth': 3, 'learning_rate': 0.054255225830697994, 'scale_pos_weight': 455.57439502574454}. Best is trial 2 with value: 0.3952569169960474.
[I 2026-05-14 15:08:52,539] Trial 7 finished with value: 0.3904382470119522 and parameters: {'n_estimators': 333, 'max_depth': 6, 'learning_rate': 0.09875584333126927, 'scale_pos_weight': 581.6150983090217}. Best is trial 2 with value: 0.3952569169960474.
[I 2026-05-14 15:08:55,370] Trial 8 finished with value: 0.36363636363636365 and parameters: {'n_estimators': 322, 'max_depth': 3, 'learning_rate': 0.050825663104088814, 'scale_pos_weight': 432.0686126331269}. Best is trial 2 with value: 0.3952569169960474.
[I 2026-05-14 15:08:56,031] Trial 9 finished with value: 0.3904382470119522 and parameters: {'n_estimators': 134, 'max_depth': 5, 'learning_rate': 0.19985978854574965, 'scale_pos_weight': 480.4947463123061}. Best is trial 2 with value: 0.3952569169960474.
[I 2026-05-14 15:08:59,429] Trial 10 finished with value: 0.3937007874015748 and parameters: {'n_estimators': 266, 'max_depth': 4, 'learning_rate': 0.10330189818076821, 'scale_pos_weight': 620.9648729307589}. Best is trial 2 with value: 0.3952569169960474.
[I 2026-05-14 15:09:00,960] Trial 11 finished with value: 0.3952569169960474 and parameters: {'n_estimators': 277, 'max_depth': 4, 'learning_rate': 0.1453568744745591, 'scale_pos_weight': 538.5837138609362}. Best is trial 2 with value: 0.3952569169960474.
[I 2026-05-14 15:09:03,084] Trial 12 finished with value: 0.3904382470119522 and parameters: {'n_estimators': 301, 'max_depth': 5, 'learning_rate': 0.14991227543479485, 'scale_pos_weight': 416.4026799600735}. Best is trial 2 with value: 0.3952569169960474.
[I 2026-05-14 15:09:07,331] Trial 13 finished with value: 0.38910505836575876 and parameters: {'n_estimators': 233, 'max_depth': 4, 'learning_rate': 0.11219670994592416, 'scale_pos_weight': 554.8788822977654}. Best is trial 2 with value: 0.3952569169960474.
[I 2026-05-14 15:09:08,075] Trial 14 finished with value: 0.37735849056603776 and parameters: {'n_estimators': 343, 'max_depth': 3, 'learning_rate': 0.12888433469303576, 'scale_pos_weight': 619.23878674094}. Best is trial 2 with value: 0.3952569169960474.
[I 2026-05-14 15:09:12,952] Trial 15 finished with value: 0.3888888888888889 and parameters: {'n_estimators': 285, 'max_depth': 5, 'learning_rate': 0.0831067404592837, 'scale_pos_weight': 492.5163106716082}. Best is trial 2 with value: 0.3952569169960474.
