[I 2026-05-14 15:09:18,059] Trial 16 finished with value: 0.3952569169960474 and parameters: {'n_estimators': 238, 'max_depth': 4, 'learning_rate': 0.16130816678289814, 'scale_pos_weight': 465.0325068855981}. Best is trial 2 with value: 0.3952569169960474.
[I 2026-05-14 15:09:21,429] Trial 17 finished with value: 0.36363636363636365 and parameters: {'n_estimators': 104, 'max_depth': 3, 'learning_rate': 0.1436474151258735, 'scale_pos_weight': 582.7991510565415}. Best is trial 2 with value: 0.3952569169960474.
[I 2026-05-14 15:09:26,687] Trial 18 finished with value: 0.3952569169960474 and parameters: {'n_estimators': 365, 'max_depth': 4, 'learning_rate': 0.16867959680977157, 'scale_pos_weight': 533.3984039201525}. Best is trial 2 with value: 0.3952569169960474.
[I 2026-05-14 15:09:31,570] Trial 19 finished with value: 0.3904382470119522 and parameters: {'n_estimators': 303, 'max_depth': 5, 'learning_rate': 0.12236870955588133, 'scale_pos_weight': 562.972447107021}. Best is trial 2 with value: 0.3952569169960474.
[I 2026-05-14 15:09:36,795] Trial 20 finished with value: 0.3952569169960474 and parameters: {'n_estimators': 258, 'max_depth': 5, 'learning_rate': 0.0811637272483634, 'scale_pos_weight': 491.69924064249653}. Best is trial 2 with value: 0.3952569169960474.
[I 2026-05-14 15:09:42,072] Trial 21 finished with value: 0.3937007874015748 and parameters: {'n_estimators': 282, 'max_depth': 4, 'learning_rate': 0.14389567398343528, 'scale_pos_weight': 541.4499762922396}. Best is trial 2 with value: 0.3952569169960474.
[I 2026-05-14 15:09:45,698] Trial 22 finished with value: 0.3952569169960474 and parameters: {'n_estimators': 316, 'max_depth': 4, 'learning_rate': 0.15242320449262128, 'scale_pos_weight': 599.9336403974322}. Best is trial 2 with value: 0.3952569169960474.
[I 2026-05-14 15:09:47,209] Trial 23 finished with value: 0.38022813688212925 and parameters: {'n_estimators': 348, 'max_depth': 3, 'learning_rate': 0.13162039980391663, 'scale_pos_weight': 523.9704488639326}. Best is trial 2 with value: 0.3952569169960474.
[I 2026-05-14 15:09:48,052] Trial 24 finished with value: 0.3952569169960474 and parameters: {'n_estimators': 269, 'max_depth': 4, 'learning_rate': 0.17434339800532753, 'scale_pos_weight': 558.9755183332843}. Best is trial 2 with value: 0.3952569169960474.
[I 2026-05-14 15:09:48,536] Trial 25 finished with value: 0.3937007874015748 and parameters: {'n_estimators': 225, 'max_depth': 4, 'learning_rate': 0.13879541147067678, 'scale_pos_weight': 439.4165414486734}. Best is trial 2 with value: 0.3952569169960474.
[I 2026-05-14 15:09:53,144] Trial 26 finished with value: 0.38022813688212925 and parameters: {'n_estimators': 299, 'max_depth': 3, 'learning_rate': 0.15637934270891865, 'scale_pos_weight': 502.2508820107508}. Best is trial 2 with value: 0.3952569169960474.
[I 2026-05-14 15:09:58,735] Trial 27 finished with value: 0.3904382470119522 and parameters: {'n_estimators': 204, 'max_depth': 5, 'learning_rate': 0.11695965366077597, 'scale_pos_weight': 474.48537298041754}. Best is trial 2 with value: 0.3952569169960474.
[I 2026-05-14 15:10:01,803] Trial 28 finished with value: 0.3952569169960474 and parameters: {'n_estimators': 254, 'max_depth': 4, 'learning_rate': 0.19215200608728428, 'scale_pos_weight': 600.3669196955545}. Best is trial 2 with value: 0.3952569169960474.
[I 2026-05-14 15:10:04,430] Trial 29 finished with value: 0.392 and parameters: {'n_estimators': 397, 'max_depth': 7, 'learning_rate': 0.17297988320397106, 'scale_pos_weight': 454.5369637335263}. Best is trial 2 with value: 0.3952569169960474.
[I 2026-05-14 15:10:11,718] A new study created in memory with name: no-name-24dc5afa-1001-488c-be0c-047dabbb1796
[I 2026-05-14 15:10:21,707] Trial 0 finished with value: 0.8461538461538461 and parameters: {'n_estimators': 285, 'max_depth': 6, 'learning_rate': 0.19175608740504418, 'scale_pos_weight': 443.2644499791941}. Best is trial 0 with value: 0.8461538461538461.
[I 2026-05-14 15:10:22,191] Trial 1 finished with value: 0.8461538461538461 and parameters: {'n_estimators': 147, 'max_depth': 4, 'learning_rate': 0.1836502517854745, 'scale_pos_weight': 437.4284248088072}. Best is trial 0 with value: 0.8461538461538461.
[I 2026-05-14 15:10:24,273] Trial 2 finished with value: 0.38461538461538464 and parameters: {'n_estimators': 206, 'max_depth': 3, 'learning_rate': 0.08563751702729133, 'scale_pos_weight': 570.3295149661978}. Best is trial 0 with value: 0.8461538461538461.
[I 2026-05-14 15:10:27,548] Trial 3 finished with value: 0.6715328467153284 and parameters: {'n_estimators': 117, 'max_depth': 5, 'learning_rate': 0.05973900983839654, 'scale_pos_weight': 510.98810541956146}. Best is trial 0 with value: 0.8461538461538461.
[I 2026-05-14 15:10:31,436] Trial 4 finished with value: 0.8269230769230769 and parameters: {'n_estimators': 278, 'max_depth': 7, 'learning_rate': 0.07800793564661096, 'scale_pos_weight': 595.0522980472991}. Best is trial 0 with value: 0.8461538461538461.
[I 2026-05-14 15:10:37,055] Trial 5 finished with value: 0.8073394495412844 and parameters: {'n_estimators': 391, 'max_depth': 3, 'learning_rate': 0.13524237048611393, 'scale_pos_weight': 508.0486634609415}. Best is trial 0 with value: 0.8461538461538461.
[I 2026-05-14 15:10:41,386] Trial 6 finished with value: 0.6766917293233082 and parameters: {'n_estimators': 108, 'max_depth': 5, 'learning_rate': 0.08192225046094248, 'scale_pos_weight': 542.2005401652763}. Best is trial 0 with value: 0.8461538461538461.
[I 2026-05-14 15:10:47,631] Trial 7 finished with value: 0.8543689320388349 and parameters: {'n_estimators': 309, 'max_depth': 4, 'learning_rate': 0.17723145408348917, 'scale_pos_weight': 452.4156957558945}. Best is trial 7 with value: 0.8543689320388349.
[I 2026-05-14 15:11:03,531] Trial 8 finished with value: 0.8380952380952381 and parameters: {'n_estimators': 277, 'max_depth': 7, 'learning_rate': 0.1859002676241518, 'scale_pos_weight': 530.9596605146877}. Best is trial 7 with value: 0.8543689320388349.
[I 2026-05-14 15:11:07,507] Trial 9 finished with value: 0.5411764705882353 and parameters: {'n_estimators': 190, 'max_depth': 3, 'learning_rate': 0.12033882841116623, 'scale_pos_weight': 602.3055146654472}. Best is trial 7 with value: 0.8543689320388349.
[I 2026-05-14 15:11:18,150] Trial 10 finished with value: 0.8653846153846154 and parameters: {'n_estimators': 358, 'max_depth': 4, 'learning_rate': 0.1524538105437732, 'scale_pos_weight': 467.20915304252316}. Best is trial 10 with value: 0.8653846153846154.
[I 2026-05-14 15:11:22,411] Trial 11 finished with value: 0.8543689320388349 and parameters: {'n_estimators': 359, 'max_depth': 4, 'learning_rate': 0.15394819183454128, 'scale_pos_weight': 474.057138239634}. Best is trial 10 with value: 0.8653846153846154.
[I 2026-05-14 15:11:29,845] Trial 12 finished with value: 0.8461538461538461 and parameters: {'n_estimators': 350, 'max_depth': 4, 'learning_rate': 0.16095134718634257, 'scale_pos_weight': 415.13396164244296}. Best is trial 10 with value: 0.8653846153846154.
[I 2026-05-14 15:11:32,626] Trial 13 finished with value: 0.8461538461538461 and parameters: {'n_estimators': 320, 'max_depth': 4, 'learning_rate': 0.15722507973120206, 'scale_pos_weight': 477.96740076192236}. Best is trial 10 with value: 0.8653846153846154.
[I 2026-05-14 15:11:35,708] Trial 14 finished with value: 0.8543689320388349 and parameters: {'n_estimators': 394, 'max_depth': 5, 'learning_rate': 0.12062399467321754, 'scale_pos_weight': 473.97554634116864}. Best is trial 10 with value: 0.8653846153846154.
[I 2026-05-14 15:11:39,094] Trial 15 finished with value: 0.8431372549019608 and parameters: {'n_estimators': 313, 'max_depth': 5, 'learning_rate': 0.17148563323500213, 'scale_pos_weight': 452.0667394033261}. Best is trial 10 with value: 0.8653846153846154.
[I 2026-05-14 15:11:50,405] Trial 16 finished with value: 0.819047619047619 and parameters: {'n_estimators': 226, 'max_depth': 6, 'learning_rate': 0.13869097413350961, 'scale_pos_weight': 415.1874223479526}. Best is trial 10 with value: 0.8653846153846154.
[I 2026-05-14 15:11:54,881] Trial 17 finished with value: 0.8543689320388349 and parameters: {'n_estimators': 344, 'max_depth': 4, 'learning_rate': 0.19775143455123, 'scale_pos_weight': 492.68763992332276}. Best is trial 10 with value: 0.8653846153846154.
[I 2026-05-14 15:12:04,718] Trial 18 finished with value: 0.8461538461538461 and parameters: {'n_estimators': 257, 'max_depth': 6, 'learning_rate': 0.17277507762957345, 'scale_pos_weight': 455.5099829478667}. Best is trial 10 with value: 0.8653846153846154.
[I 2026-05-14 15:12:08,486] Trial 19 finished with value: 0.7076923076923077 and parameters: {'n_estimators': 313, 'max_depth': 3, 'learning_rate': 0.1059019781375448, 'scale_pos_weight': 545.6548585732227}. Best is trial 10 with value: 0.8653846153846154.
[I 2026-05-14 15:12:14,801] Trial 20 finished with value: 0.8571428571428571 and parameters: {'n_estimators': 364, 'max_depth': 4, 'learning_rate': 0.14280949328594258, 'scale_pos_weight': 484.92699184201734}. Best is trial 10 with value: 0.8653846153846154.
[I 2026-05-14 15:12:17,723] Trial 21 finished with value: 0.8627450980392157 and parameters: {'n_estimators': 369, 'max_depth': 4, 'learning_rate': 0.1429532613289597, 'scale_pos_weight': 486.68954882886663}. Best is trial 10 with value: 0.8653846153846154.
[I 2026-05-14 15:12:19,683] Trial 22 finished with value: 0.8627450980392157 and parameters: {'n_estimators': 372, 'max_depth': 4, 'learning_rate': 0.14394868785763962, 'scale_pos_weight': 490.46812548295634}. Best is trial 10 with value: 0.8653846153846154.
[I 2026-05-14 15:12:23,008] Trial 23 finished with value: 0.8627450980392157 and parameters: {'n_estimators': 381, 'max_depth': 5, 'learning_rate': 0.10956566876319723, 'scale_pos_weight': 499.6386501342638}. Best is trial 10 with value: 0.8653846153846154.
[I 2026-05-14 15:12:30,631] Trial 24 finished with value: 0.8148148148148148 and parameters: {'n_estimators': 339, 'max_depth': 3, 'learning_rate': 0.14901749823680882, 'scale_pos_weight': 465.66988380420065}. Best is trial 10 with value: 0.8653846153846154.
[I 2026-05-14 15:12:35,049] Trial 25 finished with value: 0.8627450980392157 and parameters: {'n_estimators': 374, 'max_depth': 4, 'learning_rate': 0.12840939968517628, 'scale_pos_weight': 519.4262744341685}. Best is trial 10 with value: 0.8653846153846154.
[I 2026-05-14 15:12:38,550] Trial 26 finished with value: 0.8543689320388349 and parameters: {'n_estimators': 398, 'max_depth': 4, 'learning_rate': 0.16493402484717387, 'scale_pos_weight': 492.8369154531153}. Best is trial 10 with value: 0.8653846153846154.
[I 2026-05-14 15:12:41,803] Trial 27 finished with value: 0.7419354838709677 and parameters: {'n_estimators': 332, 'max_depth': 3, 'learning_rate': 0.10452175685307508, 'scale_pos_weight': 430.83975040346115}. Best is trial 10 with value: 0.8653846153846154.
[I 2026-05-14 15:12:45,087] Trial 28 finished with value: 0.84 and parameters: {'n_estimators': 369, 'max_depth': 5, 'learning_rate': 0.14616928710987248, 'scale_pos_weight': 619.9635570951273}. Best is trial 10 with value: 0.8653846153846154.
[I 2026-05-14 15:12:52,112] Trial 29 finished with value: 0.8627450980392157 and parameters: {'n_estimators': 291, 'max_depth': 5, 'learning_rate': 0.13368892120193246, 'scale_pos_weight': 522.8935149014337}. Best is trial 10 with value: 0.8653846153846154.
[I 2026-05-14 15:22:26,738] A new study created in memory with name: no-name-240ea28a-82c8-4ace-8b6e-4e406032acd4
[I 2026-05-14 15:22:30,859] Trial 0 finished with value: 0.8301886792452831 and parameters: {'n_estimators': 149, 'max_depth': 5, 'learning_rate': 0.181321980322666, 'scale_pos_weight': 471.7259339055736}. Best is trial 0 with value: 0.8301886792452831.
[I 2026-05-14 15:22:33,423] Trial 1 finished with value: 0.8113207547169812 and parameters: {'n_estimators': 349, 'max_depth': 7, 'learning_rate': 0.16610794562461062, 'scale_pos_weight': 451.9911402211892}. Best is trial 0 with value: 0.8301886792452831.
[I 2026-05-14 15:22:34,962] Trial 2 finished with value: 0.8301886792452831 and parameters: {'n_estimators': 139, 'max_depth': 6, 'learning_rate': 0.06990073824078862, 'scale_pos_weight': 446.887048503941}. Best is trial 0 with value: 0.8301886792452831.
[I 2026-05-14 15:22:36,887] Trial 3 finished with value: 0.8392857142857143 and parameters: {'n_estimators': 104, 'max_depth': 3, 'learning_rate': 0.12431292325102052, 'scale_pos_weight': 563.7571448145728}. Best is trial 3 with value: 0.8392857142857143.
[I 2026-05-14 15:22:42,013] Trial 4 finished with value: 0.8073394495412844 and parameters: {'n_estimators': 235, 'max_depth': 4, 'learning_rate': 0.05548222052747213, 'scale_pos_weight': 605.9355985411858}. Best is trial 3 with value: 0.8392857142857143.
[I 2026-05-14 15:22:44,197] Trial 5 finished with value: 0.8076923076923077 and parameters: {'n_estimators': 249, 'max_depth': 5, 'learning_rate': 0.11214622501779456, 'scale_pos_weight': 458.22296869443215}. Best is trial 3 with value: 0.8392857142857143.
[I 2026-05-14 15:22:52,440] Trial 6 finished with value: 0.8076923076923077 and parameters: {'n_estimators': 310, 'max_depth': 5, 'learning_rate': 0.11111280948528834, 'scale_pos_weight': 468.6443318585501}. Best is trial 3 with value: 0.8392857142857143.
[I 2026-05-14 15:22:58,363] Trial 7 finished with value: 0.8113207547169812 and parameters: {'n_estimators': 173, 'max_depth': 4, 'learning_rate': 0.14559775866867192, 'scale_pos_weight': 614.6503090395316}. Best is trial 3 with value: 0.8392857142857143.
[I 2026-05-14 15:23:01,552] Trial 8 finished with value: 0.8380952380952381 and parameters: {'n_estimators': 342, 'max_depth': 3, 'learning_rate': 0.1922793637185332, 'scale_pos_weight': 480.85784812642214}. Best is trial 3 with value: 0.8392857142857143.
[I 2026-05-14 15:23:07,931] Trial 9 finished with value: 0.8070175438596491 and parameters: {'n_estimators': 139, 'max_depth': 3, 'learning_rate': 0.07054018918045368, 'scale_pos_weight': 613.8581522399661}. Best is trial 3 with value: 0.8392857142857143.
[I 2026-05-14 15:23:11,681] Trial 10 finished with value: 0.8545454545454545 and parameters: {'n_estimators': 100, 'max_depth': 3, 'learning_rate': 0.13781899742936882, 'scale_pos_weight': 560.8398958297856}. Best is trial 10 with value: 0.8545454545454545.
[I 2026-05-14 15:23:18,133] Trial 11 finished with value: 0.8468468468468469 and parameters: {'n_estimators': 110, 'max_depth': 3, 'learning_rate': 0.13512645269283682, 'scale_pos_weight': 557.9395861421106}. Best is trial 10 with value: 0.8545454545454545.
[I 2026-05-14 15:23:21,942] Trial 12 finished with value: 0.8037383177570093 and parameters: {'n_estimators': 199, 'max_depth': 4, 'learning_rate': 0.1476042863402578, 'scale_pos_weight': 545.7692519708283}. Best is trial 10 with value: 0.8545454545454545.
[I 2026-05-14 15:23:26,466] Trial 13 finished with value: 0.8245614035087719 and parameters: {'n_estimators': 100, 'max_depth': 3, 'learning_rate': 0.09844862803878082, 'scale_pos_weight': 522.4449396550492}. Best is trial 10 with value: 0.8545454545454545.
[I 2026-05-14 15:23:29,575] Trial 14 finished with value: 0.8113207547169812 and parameters: {'n_estimators': 201, 'max_depth': 4, 'learning_rate': 0.14650508059092504, 'scale_pos_weight': 581.4471029293346}. Best is trial 10 with value: 0.8545454545454545.
[I 2026-05-14 15:23:31,463] Trial 15 finished with value: 0.8392857142857143 and parameters: {'n_estimators': 107, 'max_depth': 3, 'learning_rate': 0.15792814263913438, 'scale_pos_weight': 509.08075553695085}. Best is trial 10 with value: 0.8545454545454545.
[I 2026-05-14 15:23:42,138] Trial 16 finished with value: 0.8076923076923077 and parameters: {'n_estimators': 293, 'max_depth': 6, 'learning_rate': 0.13000425360112663, 'scale_pos_weight': 532.5574215528438}. Best is trial 10 with value: 0.8545454545454545.
[I 2026-05-14 15:23:44,376] Trial 17 finished with value: 0.8113207547169812 and parameters: {'n_estimators': 397, 'max_depth': 4, 'learning_rate': 0.09255153902693372, 'scale_pos_weight': 418.3965272455806}. Best is trial 10 with value: 0.8545454545454545.
[I 2026-05-14 15:23:46,665] Trial 18 finished with value: 0.819047619047619 and parameters: {'n_estimators': 176, 'max_depth': 6, 'learning_rate': 0.1270235505126396, 'scale_pos_weight': 577.7857956085618}. Best is trial 10 with value: 0.8545454545454545.
[I 2026-05-14 15:23:55,008] Trial 19 finished with value: 0.8440366972477065 and parameters: {'n_estimators': 133, 'max_depth': 3, 'learning_rate': 0.1792185379129219, 'scale_pos_weight': 499.34778062494814}. Best is trial 10 with value: 0.8545454545454545.
[I 2026-05-14 15:23:55,350] Trial 20 finished with value: 0.8 and parameters: {'n_estimators': 196, 'max_depth': 7, 'learning_rate': 0.16562876728243092, 'scale_pos_weight': 554.3633761400727}. Best is trial 10 with value: 0.8545454545454545.
[I 2026-05-14 15:23:57,172] Trial 21 finished with value: 0.8363636363636363 and parameters: {'n_estimators': 130, 'max_depth': 3, 'learning_rate': 0.18384960314216148, 'scale_pos_weight': 499.716386537416}. Best is trial 10 with value: 0.8545454545454545.
[I 2026-05-14 15:23:57,408] Trial 22 finished with value: 0.8148148148148148 and parameters: {'n_estimators': 159, 'max_depth': 3, 'learning_rate': 0.13732599658910258, 'scale_pos_weight': 586.1926273775748}. Best is trial 10 with value: 0.8545454545454545.
[I 2026-05-14 15:23:59,702] Trial 23 finished with value: 0.819047619047619 and parameters: {'n_estimators': 125, 'max_depth': 4, 'learning_rate': 0.16617914631372205, 'scale_pos_weight': 535.9217542868067}. Best is trial 10 with value: 0.8545454545454545.
[I 2026-05-14 15:24:02,001] Trial 24 finished with value: 0.8333333333333334 and parameters: {'n_estimators': 224, 'max_depth': 3, 'learning_rate': 0.19880566023092083, 'scale_pos_weight': 487.71207596548714}. Best is trial 10 with value: 0.8545454545454545.
[I 2026-05-14 15:24:07,023] Trial 25 finished with value: 0.8301886792452831 and parameters: {'n_estimators': 121, 'max_depth': 4, 'learning_rate': 0.17642821037167639, 'scale_pos_weight': 561.670554084125}. Best is trial 10 with value: 0.8545454545454545.
[I 2026-05-14 15:24:07,260] Trial 26 finished with value: 0.8363636363636363 and parameters: {'n_estimators': 165, 'max_depth': 3, 'learning_rate': 0.10776867134229287, 'scale_pos_weight': 516.6320326800256}. Best is trial 10 with value: 0.8545454545454545.
[I 2026-05-14 15:24:07,679] Trial 27 finished with value: 0.819047619047619 and parameters: {'n_estimators': 272, 'max_depth': 5, 'learning_rate': 0.13772034833073005, 'scale_pos_weight': 595.0371098162594}. Best is trial 10 with value: 0.8545454545454545.
[I 2026-05-14 15:24:07,878] Trial 28 finished with value: 0.8363636363636363 and parameters: {'n_estimators': 125, 'max_depth': 3, 'learning_rate': 0.15548891827552885, 'scale_pos_weight': 542.1773697468942}. Best is trial 10 with value: 0.8545454545454545.
[I 2026-05-14 15:24:11,742] Trial 29 finished with value: 0.8148148148148148 and parameters: {'n_estimators': 147, 'max_depth': 4, 'learning_rate': 0.12036515339370568, 'scale_pos_weight': 568.846893792348}. Best is trial 10 with value: 0.8545454545454545.
[I 2026-05-14 15:34:27,760] A new study created in memory with name: no-name-dfb74183-32b0-4eb9-8950-27d32dac0600
[I 2026-05-14 15:34:28,205] Trial 0 finished with value: 0.5240641711229946 and parameters: {'n_estimators': 299, 'max_depth': 7, 'learning_rate': 0.13679542448260829, 'scale_pos_weight': 469.603439142101}. Best is trial 0 with value: 0.5240641711229946.
[I 2026-05-14 15:34:28,361] Trial 1 finished with value: 0.5319148936170213 and parameters: {'n_estimators': 251, 'max_depth': 5, 'learning_rate': 0.11998363021689128, 'scale_pos_weight': 467.0005530917199}. Best is trial 1 with value: 0.5319148936170213.
[I 2026-05-14 15:34:28,598] Trial 2 finished with value: 0.5240641711229946 and parameters: {'n_estimators': 294, 'max_depth': 6, 'learning_rate': 0.15610228495298212, 'scale_pos_weight': 475.1425437384259}. Best is trial 1 with value: 0.5319148936170213.
[I 2026-05-14 15:34:31,045] Trial 3 finished with value: 0.5240641711229946 and parameters: {'n_estimators': 340, 'max_depth': 7, 'learning_rate': 0.18157512137643506, 'scale_pos_weight': 465.9570134532131}. Best is trial 1 with value: 0.5319148936170213.
[I 2026-05-14 15:34:34,099] Trial 4 finished with value: 0.5319148936170213 and parameters: {'n_estimators': 385, 'max_depth': 4, 'learning_rate': 0.1269363480845, 'scale_pos_weight': 535.6746511193601}. Best is trial 1 with value: 0.5319148936170213.
[I 2026-05-14 15:34:36,050] Trial 5 finished with value: 0.5240641711229946 and parameters: {'n_estimators': 343, 'max_depth': 5, 'learning_rate': 0.1782634217069829, 'scale_pos_weight': 499.10201859576034}. Best is trial 1 with value: 0.5319148936170213.
[I 2026-05-14 15:34:38,010] Trial 6 finished with value: 0.5319148936170213 and parameters: {'n_estimators': 118, 'max_depth': 6, 'learning_rate': 0.12395512930237945, 'scale_pos_weight': 524.9944843883171}. Best is trial 1 with value: 0.5319148936170213.
[I 2026-05-14 15:34:39,209] Trial 7 finished with value: 0.5240641711229946 and parameters: {'n_estimators': 367, 'max_depth': 7, 'learning_rate': 0.10389232606750076, 'scale_pos_weight': 503.51103657287115}. Best is trial 1 with value: 0.5319148936170213.
[I 2026-05-14 15:34:39,548] Trial 8 finished with value: 0.5240641711229946 and parameters: {'n_estimators': 380, 'max_depth': 7, 'learning_rate': 0.19477060245586075, 'scale_pos_weight': 590.1289999737056}. Best is trial 1 with value: 0.5319148936170213.
[I 2026-05-14 15:34:46,507] Trial 9 finished with value: 0.5319148936170213 and parameters: {'n_estimators': 358, 'max_depth': 4, 'learning_rate': 0.05724863055669428, 'scale_pos_weight': 535.8964685603239}. Best is trial 1 with value: 0.5319148936170213.
